<?xml version="1.0" encoding="UTF-8"?>
<coverage generated="1691596645255" clover="3.2.0">
  <project timestamp="1691596645255" name="All files">
    <metrics statements="40" coveredstatements="35" conditionals="8" coveredconditionals="5" methods="5" coveredmethods="4" elements="53" coveredelements="44" complexity="0" loc="40" ncloc="40" packages="1" files="2" classes="2"/>
    <file name="utils.js" path="/home/ozi/WoT-Data-Storage-Thesis/virtual-iot-device/utils.js">
      <metrics statements="19" coveredstatements="19" conditionals="6" coveredconditionals="4" methods="3" coveredmethods="3"/>
      <line num="2" count="8" type="cond" truecount="2" falsecount="0"/>
      <line num="12" count="1" type="cond" truecount="1" falsecount="1"/>
      <line num="13" count="1" type="cond" truecount="1" falsecount="1"/>
      <line num="15" count="1" type="stmt"/>
      <line num="16" count="1" type="stmt"/>
      <line num="17" count="1" type="stmt"/>
      <line num="18" count="1" type="stmt"/>
      <line num="19" count="1" type="stmt"/>
      <line num="20" count="1" type="stmt"/>
      <line num="21" count="1" type="stmt"/>
      <line num="22" count="1" type="stmt"/>
      <line num="23" count="1" type="stmt"/>
      <line num="37" count="1" type="stmt"/>
      <line num="64" count="9" type="stmt"/>
      <line num="65" count="9" type="stmt"/>
      <line num="66" count="9" type="stmt"/>
      <line num="68" count="9" type="stmt"/>
      <line num="71" count="1" type="stmt"/>
      <line num="76" count="1" type="stmt"/>
    </file>
    <file name="virtualDevice.js" path="/home/ozi/WoT-Data-Storage-Thesis/virtual-iot-device/virtualDevice.js">
      <metrics statements="21" coveredstatements="16" conditionals="2" coveredconditionals="1" methods="2" coveredmethods="1"/>
      <line num="1" count="1" type="stmt"/>
      <line num="2" count="1" type="stmt"/>
      <line num="5" count="1" type="stmt"/>
      <line num="8" count="1" type="stmt"/>
      <line num="11" count="1" type="stmt"/>
      <line num="14" count="1" type="stmt"/>
      <line num="17" count="1" type="stmt"/>
      <line num="20" count="1" type="stmt"/>
      <line num="25" count="1" type="stmt"/>
      <line num="31" count="1" type="stmt"/>
      <line num="32" count="1" type="stmt"/>
      <line num="35" count="1" type="stmt"/>
      <line num="36" count="1" type="stmt"/>
      <line num="38" count="0" type="stmt"/>
      <line num="39" count="0" type="stmt"/>
      <line num="44" count="1" type="cond" truecount="1" falsecount="1"/>
      <line num="45" count="0" type="stmt"/>
      <line num="46" count="0" type="stmt"/>
      <line num="47" count="0" type="stmt"/>
      <line num="51" count="1" type="stmt"/>
      <line num="53" count="1" type="stmt"/>
    </file>
  </project>
</coverage>
