{"/home/ozi/WoT-Data-Storage-Thesis/virtual-iot-device/utils.js": {"path":"/home/ozi/WoT-Data-Storage-Thesis/virtual-iot-device/utils.js","statementMap":{"0":{"start":{"line":2,"column":2},"end":{"line":2,"column":44}},"1":{"start":{"line":12,"column":2},"end":{"line":12,"column":51}},"2":{"start":{"line":12,"column":29},"end":{"line":12,"column":51}},"3":{"start":{"line":13,"column":2},"end":{"line":13,"column":51}},"4":{"start":{"line":13,"column":29},"end":{"line":13,"column":51}},"5":{"start":{"line":15,"column":29},"end":{"line":15,"column":54}},"6":{"start":{"line":16,"column":26},"end":{"line":16,"column":51}},"7":{"start":{"line":17,"column":24},"end":{"line":17,"column":48}},"8":{"start":{"line":18,"column":23},"end":{"line":18,"column":48}},"9":{"start":{"line":19,"column":22},"end":{"line":19,"column":48}},"10":{"start":{"line":20,"column":23},"end":{"line":20,"column":48}},"11":{"start":{"line":21,"column":34},"end":{"line":21,"column":58}},"12":{"start":{"line":22,"column":32},"end":{"line":22,"column":57}},"13":{"start":{"line":23,"column":33},"end":{"line":23,"column":58}},"14":{"start":{"line":37,"column":2},"end":{"line":56,"column":4}},"15":{"start":{"line":64,"column":19},"end":{"line":64,"column":60}},"16":{"start":{"line":65,"column":21},"end":{"line":65,"column":44}},"17":{"start":{"line":66,"column":21},"end":{"line":66,"column":44}},"18":{"start":{"line":68,"column":2},"end":{"line":68,"column":74}},"19":{"start":{"line":71,"column":14},"end":{"line":74,"column":1}},"20":{"start":{"line":76,"column":0},"end":{"line":76,"column":23}}},"fnMap":{"0":{"name":"envOrDefault","decl":{"start":{"line":1,"column":9},"end":{"line":1,"column":21}},"loc":{"start":{"line":1,"column":41},"end":{"line":3,"column":1}},"line":1},"1":{"name":"generateRandomData","decl":{"start":{"line":11,"column":9},"end":{"line":11,"column":27}},"loc":{"start":{"line":11,"column":58},"end":{"line":57,"column":1}},"line":11},"2":{"name":"generateRandomness","decl":{"start":{"line":62,"column":9},"end":{"line":62,"column":27}},"loc":{"start":{"line":62,"column":62},"end":{"line":69,"column":1}},"line":62}},"branchMap":{"0":{"loc":{"start":{"line":2,"column":9},"end":{"line":2,"column":43}},"type":"binary-expr","locations":[{"start":{"line":2,"column":9},"end":{"line":2,"column":27}},{"start":{"line":2,"column":31},"end":{"line":2,"column":43}}],"line":2},"1":{"loc":{"start":{"line":12,"column":2},"end":{"line":12,"column":51}},"type":"if","locations":[{"start":{"line":12,"column":2},"end":{"line":12,"column":51}},{"start":{},"end":{}}],"line":12},"2":{"loc":{"start":{"line":13,"column":2},"end":{"line":13,"column":51}},"type":"if","locations":[{"start":{"line":13,"column":2},"end":{"line":13,"column":51}},{"start":{},"end":{}}],"line":13}},"s":{"0":8,"1":1,"2":0,"3":1,"4":0,"5":1,"6":1,"7":1,"8":1,"9":1,"10":1,"11":1,"12":1,"13":1,"14":1,"15":9,"16":9,"17":9,"18":9,"19":1,"20":1},"f":{"0":8,"1":1,"2":9},"b":{"0":[8,6],"1":[0,1],"2":[0,1]},"_coverageSchema":"1a1c01bbd47fc00a2c39e90264f33305004495a9","hash":"40ce2660f4ab6f5ea3e4def9748b50d7a55e139a"}
,"/home/ozi/WoT-Data-Storage-Thesis/virtual-iot-device/virtualDevice.js": {"path":"/home/ozi/WoT-Data-Storage-Thesis/virtual-iot-device/virtualDevice.js","statementMap":{"0":{"start":{"line":1,"column":14},"end":{"line":1,"column":30}},"1":{"start":{"line":2,"column":14},"end":{"line":2,"column":32}},"2":{"start":{"line":5,"column":21},"end":{"line":5,"column":88}},"3":{"start":{"line":8,"column":17},"end":{"line":8,"column":63}},"4":{"start":{"line":11,"column":25},"end":{"line":11,"column":81}},"5":{"start":{"line":14,"column":13},"end":{"line":14,"column":60}},"6":{"start":{"line":17,"column":26},"end":{"line":17,"column":83}},"7":{"start":{"line":20,"column":20},"end":{"line":23,"column":1}},"8":{"start":{"line":25,"column":20},"end":{"line":25,"column":22}},"9":{"start":{"line":31,"column":2},"end":{"line":40,"column":3}},"10":{"start":{"line":32,"column":21},"end":{"line":34,"column":6}},"11":{"start":{"line":35,"column":4},"end":{"line":35,"column":31}},"12":{"start":{"line":36,"column":4},"end":{"line":36,"column":25}},"13":{"start":{"line":38,"column":4},"end":{"line":38,"column":48}},"14":{"start":{"line":39,"column":4},"end":{"line":39,"column":16}},"15":{"start":{"line":44,"column":0},"end":{"line":49,"column":1}},"16":{"start":{"line":45,"column":2},"end":{"line":48,"column":30}},"17":{"start":{"line":46,"column":23},"end":{"line":46,"column":79}},"18":{"start":{"line":47,"column":4},"end":{"line":47,"column":49}},"19":{"start":{"line":51,"column":22},"end":{"line":51,"column":34}},"20":{"start":{"line":53,"column":0},"end":{"line":53,"column":31}}},"fnMap":{"0":{"name":"sendData","decl":{"start":{"line":30,"column":15},"end":{"line":30,"column":23}},"loc":{"start":{"line":30,"column":54},"end":{"line":41,"column":1}},"line":30},"1":{"name":"(anonymous_1)","decl":{"start":{"line":45,"column":14},"end":{"line":45,"column":15}},"loc":{"start":{"line":45,"column":20},"end":{"line":48,"column":3}},"line":45}},"branchMap":{"0":{"loc":{"start":{"line":44,"column":0},"end":{"line":49,"column":1}},"type":"if","locations":[{"start":{"line":44,"column":0},"end":{"line":49,"column":1}},{"start":{},"end":{}}],"line":44}},"s":{"0":1,"1":1,"2":1,"3":1,"4":1,"5":1,"6":1,"7":1,"8":1,"9":1,"10":1,"11":1,"12":1,"13":0,"14":0,"15":1,"16":0,"17":0,"18":0,"19":1,"20":1},"f":{"0":1,"1":0},"b":{"0":[0,1]},"_coverageSchema":"1a1c01bbd47fc00a2c39e90264f33305004495a9","hash":"3a7a5c55f9a7d01e1dc0ef498c5d29d7c6b91708"}
}
