TN:
SF:utils.js
FN:1,envOrDefault
FN:11,generateRandomData
FN:62,generateRandomness
FNF:3
FNH:3
FNDA:8,envOrDefault
FNDA:1,generateRandomData
FNDA:9,generateRandomness
DA:2,8
DA:12,1
DA:13,1
DA:15,1
DA:16,1
DA:17,1
DA:18,1
DA:19,1
DA:20,1
DA:21,1
DA:22,1
DA:23,1
DA:37,1
DA:64,9
DA:65,9
DA:66,9
DA:68,9
DA:71,1
DA:76,1
LF:19
LH:19
BRDA:2,0,0,8
BRDA:2,0,1,6
BRDA:12,1,0,0
BRDA:12,1,1,1
BRDA:13,2,0,0
BRDA:13,2,1,1
BRF:6
BRH:4
end_of_record
TN:
SF:virtualDevice.js
FN:30,sendData
FN:45,(anonymous_1)
FNF:2
FNH:1
FNDA:1,sendData
FNDA:0,(anonymous_1)
DA:1,1
DA:2,1
DA:5,1
DA:8,1
DA:11,1
DA:14,1
DA:17,1
DA:20,1
DA:25,1
DA:31,1
DA:32,1
DA:35,1
DA:36,1
DA:38,0
DA:39,0
DA:44,1
DA:45,0
DA:46,0
DA:47,0
DA:51,1
DA:53,1
LF:21
LH:16
BRDA:44,0,0,0
BRDA:44,0,1,1
BRF:2
BRH:1
end_of_record
