{"/home/ozi/WoT-Data-Storage-Thesis/local-gateway/ipfsUtils.js": {"path":"/home/ozi/WoT-Data-Storage-Thesis/local-gateway/ipfsUtils.js","statementMap":{"0":{"start":{"line":1,"column":14},"end":{"line":1,"column":30}},"1":{"start":{"line":2,"column":15},"end":{"line":2,"column":32}},"2":{"start":{"line":4,"column":0},"end":{"line":4,"column":24}},"3":{"start":{"line":15,"column":2},"end":{"line":16,"column":91}},"4":{"start":{"line":16,"column":4},"end":{"line":16,"column":91}},"5":{"start":{"line":18,"column":2},"end":{"line":18,"column":85}},"6":{"start":{"line":20,"column":23},"end":{"line":20,"column":45}},"7":{"start":{"line":21,"column":21},"end":{"line":21,"column":81}},"8":{"start":{"line":23,"column":15},"end":{"line":23,"column":29}},"9":{"start":{"line":24,"column":2},"end":{"line":24,"column":34}},"10":{"start":{"line":25,"column":2},"end":{"line":35,"column":3}},"11":{"start":{"line":26,"column":21},"end":{"line":30,"column":6}},"12":{"start":{"line":31,"column":4},"end":{"line":31,"column":41}},"13":{"start":{"line":33,"column":4},"end":{"line":33,"column":18}},"14":{"start":{"line":34,"column":4},"end":{"line":34,"column":65}},"15":{"start":{"line":37,"column":2},"end":{"line":46,"column":3}},"16":{"start":{"line":39,"column":4},"end":{"line":39,"column":63}},"17":{"start":{"line":41,"column":4},"end":{"line":45,"column":6}},"18":{"start":{"line":50,"column":27},"end":{"line":50,"column":29}},"19":{"start":{"line":51,"column":2},"end":{"line":51,"column":46}},"20":{"start":{"line":62,"column":17},"end":{"line":62,"column":64}},"21":{"start":{"line":63,"column":19},"end":{"line":63,"column":61}},"22":{"start":{"line":64,"column":2},"end":{"line":64,"column":39}},"23":{"start":{"line":66,"column":2},"end":{"line":66,"column":20}},"24":{"start":{"line":76,"column":19},"end":{"line":76,"column":68}},"25":{"start":{"line":78,"column":18},"end":{"line":78,"column":63}},"26":{"start":{"line":79,"column":2},"end":{"line":79,"column":38}},"27":{"start":{"line":81,"column":2},"end":{"line":81,"column":31}},"28":{"start":{"line":84,"column":18},"end":{"line":84,"column":34}},"29":{"start":{"line":86,"column":0},"end":{"line":86,"column":27}}},"fnMap":{"0":{"name":"uploadToIPFS","decl":{"start":{"line":12,"column":15},"end":{"line":12,"column":27}},"loc":{"start":{"line":12,"column":62},"end":{"line":47,"column":1}},"line":12},"1":{"name":"generateSymmetricKey","decl":{"start":{"line":49,"column":9},"end":{"line":49,"column":29}},"loc":{"start":{"line":49,"column":32},"end":{"line":52,"column":1}},"line":49},"2":{"name":"encryptPlainText","decl":{"start":{"line":61,"column":9},"end":{"line":61,"column":25}},"loc":{"start":{"line":61,"column":42},"end":{"line":67,"column":1}},"line":61},"3":{"name":"decryptToPlainText","decl":{"start":{"line":75,"column":9},"end":{"line":75,"column":27}},"loc":{"start":{"line":75,"column":45},"end":{"line":82,"column":1}},"line":75}},"branchMap":{"0":{"loc":{"start":{"line":15,"column":2},"end":{"line":16,"column":91}},"type":"if","locations":[{"start":{"line":15,"column":2},"end":{"line":16,"column":91}},{"start":{},"end":{}}],"line":15},"1":{"loc":{"start":{"line":31,"column":10},"end":{"line":31,"column":40}},"type":"binary-expr","locations":[{"start":{"line":31,"column":10},"end":{"line":31,"column":29}},{"start":{"line":31,"column":33},"end":{"line":31,"column":40}}],"line":31},"2":{"loc":{"start":{"line":37,"column":2},"end":{"line":46,"column":3}},"type":"if","locations":[{"start":{"line":37,"column":2},"end":{"line":46,"column":3}},{"start":{"line":40,"column":9},"end":{"line":46,"column":3}}],"line":37}},"s":{"0":1,"1":1,"2":1,"3":1,"4":0,"5":1,"6":1,"7":1,"8":1,"9":1,"10":1,"11":1,"12":1,"13":0,"14":0,"15":1,"16":1,"17":0,"18":1,"19":1,"20":1,"21":1,"22":1,"23":1,"24":0,"25":0,"26":0,"27":0,"28":1,"29":1},"f":{"0":1,"1":1,"2":1,"3":0},"b":{"0":[0,1],"1":[1,0],"2":[1,0]},"_coverageSchema":"1a1c01bbd47fc00a2c39e90264f33305004495a9","hash":"357b2eae5d1e3ed6a1fad48f6d5a1cec4642c66c"}
,"/home/ozi/WoT-Data-Storage-Thesis/local-gateway/jsDocTypes.js": {"path":"/home/ozi/WoT-Data-Storage-Thesis/local-gateway/jsDocTypes.js","statementMap":{},"fnMap":{},"branchMap":{},"s":{},"f":{},"b":{},"_coverageSchema":"1a1c01bbd47fc00a2c39e90264f33305004495a9","hash":"f7b47cc906c58cb9e69f114cd8a368cdcaaa32d4"}
,"/home/ozi/WoT-Data-Storage-Thesis/local-gateway/utils.js": {"path":"/home/ozi/WoT-Data-Storage-Thesis/local-gateway/utils.js","statementMap":{"0":{"start":{"line":1,"column":0},"end":{"line":1,"column":24}},"1":{"start":{"line":2,"column":11},"end":{"line":2,"column":24}},"2":{"start":{"line":3,"column":13},"end":{"line":3,"column":33}},"3":{"start":{"line":20,"column":2},"end":{"line":26,"column":3}},"4":{"start":{"line":21,"column":4},"end":{"line":25,"column":8}},"5":{"start":{"line":22,"column":6},"end":{"line":25,"column":8}},"6":{"start":{"line":28,"column":23},"end":{"line":28,"column":39}},"7":{"start":{"line":29,"column":2},"end":{"line":33,"column":6}},"8":{"start":{"line":30,"column":4},"end":{"line":33,"column":6}},"9":{"start":{"line":35,"column":2},"end":{"line":35,"column":25}},"10":{"start":{"line":37,"column":2},"end":{"line":41,"column":3}},"11":{"start":{"line":38,"column":4},"end":{"line":38,"column":42}},"12":{"start":{"line":40,"column":4},"end":{"line":40,"column":40}},"13":{"start":{"line":43,"column":2},"end":{"line":43,"column":67}},"14":{"start":{"line":47,"column":2},"end":{"line":47,"column":44}},"15":{"start":{"line":56,"column":24},"end":{"line":56,"column":48}},"16":{"start":{"line":57,"column":19},"end":{"line":57,"column":49}},"17":{"start":{"line":59,"column":2},"end":{"line":59,"column":46}},"18":{"start":{"line":68,"column":2},"end":{"line":78,"column":3}},"19":{"start":{"line":69,"column":21},"end":{"line":69,"column":51}},"20":{"start":{"line":70,"column":24},"end":{"line":70,"column":49}},"21":{"start":{"line":71,"column":22},"end":{"line":71,"column":45}},"22":{"start":{"line":72,"column":4},"end":{"line":72,"column":21}},"23":{"start":{"line":74,"column":4},"end":{"line":76,"column":6}},"24":{"start":{"line":77,"column":4},"end":{"line":77,"column":14}},"25":{"start":{"line":86,"column":19},"end":{"line":86,"column":49}},"26":{"start":{"line":87,"column":2},"end":{"line":93,"column":5}},"27":{"start":{"line":88,"column":4},"end":{"line":92,"column":5}},"28":{"start":{"line":89,"column":6},"end":{"line":89,"column":69}},"29":{"start":{"line":91,"column":6},"end":{"line":91,"column":71}},"30":{"start":{"line":102,"column":15},"end":{"line":102,"column":17}},"31":{"start":{"line":103,"column":17},"end":{"line":103,"column":19}},"32":{"start":{"line":104,"column":2},"end":{"line":108,"column":3}},"33":{"start":{"line":105,"column":4},"end":{"line":107,"column":27}},"34":{"start":{"line":106,"column":6},"end":{"line":106,"column":22}},"35":{"start":{"line":107,"column":9},"end":{"line":107,"column":27}},"36":{"start":{"line":109,"column":2},"end":{"line":109,"column":26}},"37":{"start":{"line":118,"column":21},"end":{"line":118,"column":58}},"38":{"start":{"line":119,"column":2},"end":{"line":119,"column":29}},"39":{"start":{"line":122,"column":14},"end":{"line":129,"column":1}},"40":{"start":{"line":131,"column":0},"end":{"line":131,"column":23}}},"fnMap":{"0":{"name":"processDataInput","decl":{"start":{"line":12,"column":9},"end":{"line":12,"column":25}},"loc":{"start":{"line":12,"column":46},"end":{"line":44,"column":1}},"line":12},"1":{"name":"envOrDefault","decl":{"start":{"line":46,"column":9},"end":{"line":46,"column":21}},"loc":{"start":{"line":46,"column":41},"end":{"line":48,"column":1}},"line":46},"2":{"name":"locallyStoreJSON","decl":{"start":{"line":55,"column":9},"end":{"line":55,"column":25}},"loc":{"start":{"line":55,"column":46},"end":{"line":60,"column":1}},"line":55},"3":{"name":"loadFileAsObject","decl":{"start":{"line":67,"column":9},"end":{"line":67,"column":25}},"loc":{"start":{"line":67,"column":36},"end":{"line":79,"column":1}},"line":67},"4":{"name":"deleteFile","decl":{"start":{"line":85,"column":9},"end":{"line":85,"column":19}},"loc":{"start":{"line":85,"column":30},"end":{"line":94,"column":1}},"line":85},"5":{"name":"(anonymous_5)","decl":{"start":{"line":87,"column":22},"end":{"line":87,"column":23}},"loc":{"start":{"line":87,"column":31},"end":{"line":93,"column":3}},"line":87},"6":{"name":"filterData","decl":{"start":{"line":101,"column":9},"end":{"line":101,"column":19}},"loc":{"start":{"line":101,"column":39},"end":{"line":110,"column":1}},"line":101},"7":{"name":"isTodaysDate","decl":{"start":{"line":117,"column":9},"end":{"line":117,"column":21}},"loc":{"start":{"line":117,"column":28},"end":{"line":120,"column":1}},"line":117}},"branchMap":{"0":{"loc":{"start":{"line":21,"column":4},"end":{"line":25,"column":8}},"type":"if","locations":[{"start":{"line":21,"column":4},"end":{"line":25,"column":8}},{"start":{},"end":{}}],"line":21},"1":{"loc":{"start":{"line":29,"column":2},"end":{"line":33,"column":6}},"type":"if","locations":[{"start":{"line":29,"column":2},"end":{"line":33,"column":6}},{"start":{},"end":{}}],"line":29},"2":{"loc":{"start":{"line":37,"column":2},"end":{"line":41,"column":3}},"type":"if","locations":[{"start":{"line":37,"column":2},"end":{"line":41,"column":3}},{"start":{"line":39,"column":9},"end":{"line":41,"column":3}}],"line":37},"3":{"loc":{"start":{"line":37,"column":6},"end":{"line":37,"column":79}},"type":"binary-expr","locations":[{"start":{"line":37,"column":6},"end":{"line":37,"column":34}},{"start":{"line":37,"column":38},"end":{"line":37,"column":79}}],"line":37},"4":{"loc":{"start":{"line":47,"column":9},"end":{"line":47,"column":43}},"type":"binary-expr","locations":[{"start":{"line":47,"column":9},"end":{"line":47,"column":27}},{"start":{"line":47,"column":31},"end":{"line":47,"column":43}}],"line":47},"5":{"loc":{"start":{"line":88,"column":4},"end":{"line":92,"column":5}},"type":"if","locations":[{"start":{"line":88,"column":4},"end":{"line":92,"column":5}},{"start":{"line":90,"column":11},"end":{"line":92,"column":5}}],"line":88},"6":{"loc":{"start":{"line":105,"column":4},"end":{"line":107,"column":27}},"type":"if","locations":[{"start":{"line":105,"column":4},"end":{"line":107,"column":27}},{"start":{"line":107,"column":9},"end":{"line":107,"column":27}}],"line":105},"7":{"loc":{"start":{"line":105,"column":8},"end":{"line":105,"column":93}},"type":"binary-expr","locations":[{"start":{"line":105,"column":8},"end":{"line":105,"column":26}},{"start":{"line":105,"column":30},"end":{"line":105,"column":93}}],"line":105}},"s":{"0":1,"1":1,"2":1,"3":0,"4":0,"5":0,"6":0,"7":0,"8":0,"9":0,"10":0,"11":0,"12":0,"13":0,"14":2,"15":1,"16":1,"17":1,"18":2,"19":2,"20":2,"21":1,"22":0,"23":2,"24":2,"25":1,"26":1,"27":0,"28":0,"29":0,"30":1,"31":1,"32":1,"33":2,"34":1,"35":1,"36":1,"37":2,"38":2,"39":1,"40":1},"f":{"0":0,"1":2,"2":1,"3":2,"4":1,"5":0,"6":1,"7":2},"b":{"0":[0,0],"1":[0,0],"2":[0,0],"3":[0,0],"4":[2,1],"5":[0,0],"6":[1,1],"7":[2,2]},"_coverageSchema":"1a1c01bbd47fc00a2c39e90264f33305004495a9","hash":"dcb0dcb04a77e2c83b32f5cb880815304503a4f1"}
,"/home/ozi/WoT-Data-Storage-Thesis/local-gateway/mocks/_mocks.js": {"path":"/home/ozi/WoT-Data-Storage-Thesis/local-gateway/mocks/_mocks.js","statementMap":{"0":{"start":{"line":1,"column":23},"end":{"line":1,"column":68}},"1":{"start":{"line":2,"column":19},"end":{"line":2,"column":53}},"2":{"start":{"line":4,"column":25},"end":{"line":57,"column":1}},"3":{"start":{"line":59,"column":25},"end":{"line":86,"column":1}},"4":{"start":{"line":88,"column":23},"end":{"line":115,"column":1}},"5":{"start":{"line":117,"column":22},"end":{"line":144,"column":1}},"6":{"start":{"line":146,"column":0},"end":{"line":146,"column":87}}},"fnMap":{},"branchMap":{},"s":{"0":1,"1":1,"2":1,"3":1,"4":1,"5":1,"6":1},"f":{},"b":{},"_coverageSchema":"1a1c01bbd47fc00a2c39e90264f33305004495a9","hash":"291599c0bb7507557fcd1242151c5412af318e17"}
}
