TN:
SF:ipfsUtils.js
FN:12,uploadToIPFS
FN:49,generateSymmetricKey
FN:61,encryptPlainText
FN:75,decryptToPlainText
FNF:4
FNH:3
FNDA:1,uploadToIPFS
FNDA:1,generateSymmetricKey
FNDA:1,encryptPlainText
FNDA:0,decryptToPlainText
DA:1,1
DA:2,1
DA:4,1
DA:15,1
DA:16,0
DA:18,1
DA:20,1
DA:21,1
DA:23,1
DA:24,1
DA:25,1
DA:26,1
DA:31,1
DA:33,0
DA:34,0
DA:37,1
DA:39,1
DA:41,0
DA:50,1
DA:51,1
DA:62,1
DA:63,1
DA:64,1
DA:66,1
DA:76,0
DA:78,0
DA:79,0
DA:81,0
DA:84,1
DA:86,1
LF:30
LH:22
BRDA:15,0,0,0
BRDA:15,0,1,1
BRDA:31,1,0,1
BRDA:31,1,1,0
BRDA:37,2,0,1
BRDA:37,2,1,0
BRF:6
BRH:3
end_of_record
TN:
SF:jsDocTypes.js
FNF:0
FNH:0
LF:0
LH:0
BRF:0
BRH:0
end_of_record
TN:
SF:utils.js
FN:12,processDataInput
FN:46,envOrDefault
FN:55,locallyStoreJSON
FN:67,loadFileAsObject
FN:85,deleteFile
FN:87,(anonymous_5)
FN:101,filterData
FN:117,isTodaysDate
FNF:8
FNH:6
FNDA:0,processDataInput
FNDA:2,envOrDefault
FNDA:1,locallyStoreJSON
FNDA:2,loadFileAsObject
FNDA:1,deleteFile
FNDA:0,(anonymous_5)
FNDA:1,filterData
FNDA:2,isTodaysDate
DA:1,1
DA:2,1
DA:3,1
DA:20,0
DA:21,0
DA:22,0
DA:28,0
DA:29,0
DA:30,0
DA:35,0
DA:37,0
DA:38,0
DA:40,0
DA:43,0
DA:47,2
DA:56,1
DA:57,1
DA:59,1
DA:68,2
DA:69,2
DA:70,2
DA:71,1
DA:72,0
DA:74,2
DA:77,2
DA:86,1
DA:87,1
DA:88,0
DA:89,0
DA:91,0
DA:102,1
DA:103,1
DA:104,1
DA:105,2
DA:106,1
DA:107,1
DA:109,1
DA:118,2
DA:119,2
DA:122,1
DA:131,1
LF:41
LH:26
BRDA:21,0,0,0
BRDA:21,0,1,0
BRDA:29,1,0,0
BRDA:29,1,1,0
BRDA:37,2,0,0
BRDA:37,2,1,0
BRDA:37,3,0,0
BRDA:37,3,1,0
BRDA:47,4,0,2
BRDA:47,4,1,1
BRDA:88,5,0,0
BRDA:88,5,1,0
BRDA:105,6,0,1
BRDA:105,6,1,1
BRDA:105,7,0,2
BRDA:105,7,1,2
BRF:16
BRH:6
end_of_record
TN:
SF:mocks/_mocks.js
FNF:0
FNH:0
DA:1,1
DA:2,1
DA:4,1
DA:59,1
DA:88,1
DA:117,1
DA:146,1
LF:7
LH:7
BRF:0
BRH:0
end_of_record
